\BOOKMARK [0][-]{chapter*.1}{Lista de figuras}{}% 1
\BOOKMARK [0][-]{chapter*.2}{Lista de tablas}{}% 2
\BOOKMARK [0][-]{chapter.1}{Introducci\363n}{}% 3
\BOOKMARK [1][-]{section.1.1}{Rob\363tica}{chapter.1}% 4
\BOOKMARK [2][-]{subsection.1.1.1}{Aplicaciones rob\363ticas}{section.1.1}% 5
\BOOKMARK [2][-]{subsection.1.1.2}{Software en rob\363tica}{section.1.1}% 6
\BOOKMARK [1][-]{section.1.2}{Rob\363tica educativa}{chapter.1}% 7
\BOOKMARK [0][-]{chapter.2}{Objetivos}{}% 8
\BOOKMARK [1][-]{section.2.1}{Objetivos del TFG}{chapter.2}% 9
\BOOKMARK [1][-]{section.2.2}{Metodolog\355a}{chapter.2}% 10
\BOOKMARK [1][-]{section.2.3}{Requisitos}{chapter.2}% 11
\BOOKMARK [1][-]{section.2.4}{Plan de trabajo}{chapter.2}% 12
\BOOKMARK [0][-]{chapter.3}{Soporte Simulado}{}% 13
\BOOKMARK [1][-]{section.3.1}{Caracter\355sticas del Lego Ev3}{chapter.3}% 14
\BOOKMARK [1][-]{section.3.2}{Soporte de sensores}{chapter.3}% 15
\BOOKMARK [2][-]{subsection.3.2.1}{Sensor de color}{section.3.2}% 16
\BOOKMARK [2][-]{subsection.3.2.2}{Sensor de ultrasonido}{section.3.2}% 17
\BOOKMARK [2][-]{subsection.3.2.3}{Modelo 3D, apariencia}{section.3.2}% 18
\BOOKMARK [2][-]{subsection.3.2.4}{Bloques Scratch para programaci\363n gr\341fica del drone}{section.3.2}% 19
\BOOKMARK [2][-]{subsection.3.2.5}{Nuevos robots}{section.3.2}% 20
\BOOKMARK [1][-]{section.3.3}{Teleoperadores en WebSim}{chapter.3}% 21
\BOOKMARK [2][-]{subsection.3.3.1}{Interfaz gr\341fica}{section.3.3}% 22
\BOOKMARK [2][-]{subsection.3.3.2}{Arquitectura}{section.3.3}% 23
\BOOKMARK [2][-]{subsection.3.3.3}{WebSim y sus ficheros de configuraci\363n}{section.3.3}% 24
\BOOKMARK [1][-]{section.3.4}{Nuevos ejercicios individuales}{chapter.3}% 25
\BOOKMARK [2][-]{subsection.3.4.1}{Sigue-l\355neas visi\363n}{section.3.4}% 26
\BOOKMARK [2][-]{subsection.3.4.2}{Sigue-l\355neas infrarrojos}{section.3.4}% 27
\BOOKMARK [2][-]{subsection.3.4.3}{Choca-gira}{section.3.4}% 28
\BOOKMARK [2][-]{subsection.3.4.4}{Sigue-pelota}{section.3.4}% 29
\BOOKMARK [2][-]{subsection.3.4.5}{Atraviesa-bosque}{section.3.4}% 30
\BOOKMARK [2][-]{subsection.3.4.6}{Cuadrado con drone}{section.3.4}% 31
\BOOKMARK [1][-]{section.3.5}{Ejercicios competitivos}{chapter.3}% 32
\BOOKMARK [2][-]{subsection.3.5.1}{Arquitectura de c\363mputo}{section.3.5}% 33
\BOOKMARK [2][-]{subsection.3.5.2}{Atraviesa-bosque competitivo}{section.3.5}% 34
\BOOKMARK [2][-]{subsection.3.5.3}{Sigue-l\355neas competitivo}{section.3.5}% 35
\BOOKMARK [2][-]{subsection.3.5.4}{Gato-rat\363n}{section.3.5}% 36
